#
# There is insufficient memory for the Java Runtime Environment to continue.
# Native memory allocation (malloc) failed to allocate 32928 bytes. Error detail: Chunk::new
# Possible reasons:
#   The system is out of physical RAM or swap space
#   This process is running with CompressedOops enabled, and the Java Heap may be blocking the growth of the native heap
# Possible solutions:
#   Reduce memory load on the system
#   Increase physical memory or swap space
#   Check if swap backing store is full
#   Decrease Java heap size (-Xmx/-Xms)
#   Decrease number of Java threads
#   Decrease Java thread stack sizes (-Xss)
#   Set larger code cache with -XX:ReservedCodeCacheSize=
#   JVM is running with Zero Based Compressed Oops mode in which the Java heap is
#     placed in the first 32GB address space. The Java Heap base address is the
#     maximum limit for the native heap growth. Please use -XX:HeapBaseMinAddress
#     to set the Java Heap base and to place the Java Heap above 32GB virtual address.
# This output file may be truncated or incomplete.
#
#  Out of Memory Error (arena.cpp:168), pid=28696, tid=49116
#
# JRE version: OpenJDK Runtime Environment (21.0.9) (build 21.0.9+-14649483-b1163.86)
# Java VM: OpenJDK 64-Bit Server VM (21.0.9+-14649483-b1163.86, mixed mode, tiered, compressed oops, compressed class ptrs, g1 gc, windows-amd64)
# No core dump will be written. Minidumps are not enabled by default on client versions of Windows
#

---------------  S U M M A R Y ------------

Command Line: -Dorg.gradle.appname=gradlew org.gradle.wrapper.GradleWrapperMain -q -Ptarget-platform=android-arm64 -Ptarget=C:\Users\reygu\Desktop\UNIVERSIDAD POLITECNICA DE CHIAPAS\9NO CUATRIMESTRE\Programacion Movil II\Corte 2\mobile-front-corvus\lib\main.dart -Pbase-application-name=android.app.Application -Pdart-defines=RkxVVFRFUl9WRVJTSU9OPTMuNDQuMw==,RkxVVFRFUl9DSEFOTkVMPXN0YWJsZQ==,RkxVVFRFUl9HSVRfVVJMPWh0dHBzOi8vZ2l0aHViLmNvbS9mbHV0dGVyL2ZsdXR0ZXIuZ2l0,RkxVVFRFUl9GUkFNRVdPUktfUkVWSVNJT049ZTFmZDk2M2M2Zg==,RkxVVFRFUl9FTkdJTkVfUkVWSVNJT049YTRjZTI1N2M2OA==,RkxVVFRFUl9EQVJUX1ZFUlNJT049My4xMi4y -Pdart-obfuscation=false -Ptrack-widget-creation=true -Ptree-shake-icons=false -Pfilesystem-scheme=org-dartlang-root assembleDebug

Host: 12th Gen Intel(R) Core(TM) i7-12650H, 16 cores, 15G,  Windows 11 , 64 bit Build 26100 (10.0.26100.5074)
Time: Sun Jul  5 15:23:45 2026 Hora estándar central (México) elapsed time: 123.536996 seconds (0d 0h 2m 3s)

---------------  T H R E A D  ---------------

Current thread (0x000001528c0c1e80):  JavaThread "C2 CompilerThread0" daemon [_thread_in_native, id=49116, stack(0x0000004676900000,0x0000004676a00000) (1024K)]


Current CompileTask:
C2:123537 2340       4       org.gradle.internal.logging.console.ThrottlingOutputEventListener::renderNow (40 bytes)

Stack: [0x0000004676900000,0x0000004676a00000]
Native frames: (J=compiled Java code, j=interpreted, Vv=VM code, C=native code)
V  [jvm.dll+0x6d6c99]
V  [jvm.dll+0x866b83]
V  [jvm.dll+0x86919e]
V  [jvm.dll+0x869883]
V  [jvm.dll+0x280776]
V  [jvm.dll+0xc07cd]
V  [jvm.dll+0xc0d03]
V  [jvm.dll+0x3b986b]
V  [jvm.dll+0x1df944]
V  [jvm.dll+0x2495b4]
V  [jvm.dll+0x248a31]
V  [jvm.dll+0x1c7344]
V  [jvm.dll+0x2581ae]
V  [jvm.dll+0x2566f6]
V  [jvm.dll+0x3f48a6]
V  [jvm.dll+0x80f118]
V  [jvm.dll+0x6d54ed]
C  [ucrtbase.dll+0x37b0]
C  [KERNEL32.DLL+0x2e8d7]
C  [ntdll.dll+0x8d9c]


---------------  P R O C E S S  ---------------

Threads class SMR info:
_java_thread_list=0x000001528d8bec20, length=12, elements={
0x00000152eae71310, 0x000001528c085de0, 0x000001528c088ab0, 0x000001528c0a3f20,
0x000001528c0af380, 0x000001528c0bce70, 0x000001528c0be440, 0x000001528c0bfa10,
0x000001528c0c1e80, 0x000001528c0c6990, 0x000001528c25bc70, 0x000001528c5f1d20
}

Java Threads: ( => current thread )
  0x00000152eae71310 JavaThread "main"                              [_thread_in_native, id=46576, stack(0x0000004675a00000,0x0000004675b00000) (1024K)]
  0x000001528c085de0 JavaThread "Common-Cleaner"             daemon [_thread_blocked, id=51740, stack(0x0000004676200000,0x0000004676300000) (1024K)]
  0x000001528c088ab0 JavaThread "Reference Handler"          daemon [_thread_blocked, id=43900, stack(0x0000004676300000,0x0000004676400000) (1024K)]
  0x000001528c0a3f20 JavaThread "Finalizer"                  daemon [_thread_blocked, id=33668, stack(0x0000004676400000,0x0000004676500000) (1024K)]
  0x000001528c0af380 JavaThread "Signal Dispatcher"          daemon [_thread_blocked, id=49684, stack(0x0000004676500000,0x0000004676600000) (1024K)]
  0x000001528c0bce70 JavaThread "Attach Listener"            daemon [_thread_blocked, id=43400, stack(0x0000004676600000,0x0000004676700000) (1024K)]
  0x000001528c0be440 JavaThread "Service Thread"             daemon [_thread_blocked, id=50568, stack(0x0000004676700000,0x0000004676800000) (1024K)]
  0x000001528c0bfa10 JavaThread "Monitor Deflation Thread"   daemon [_thread_blocked, id=30760, stack(0x0000004676800000,0x0000004676900000) (1024K)]
=>0x000001528c0c1e80 JavaThread "C2 CompilerThread0"         daemon [_thread_in_native, id=49116, stack(0x0000004676900000,0x0000004676a00000) (1024K)]
  0x000001528c0c6990 JavaThread "C1 CompilerThread0"         daemon [_thread_blocked, id=10788, stack(0x0000004676a00000,0x0000004676b00000) (1024K)]
  0x000001528c25bc70 JavaThread "Notification Thread"        daemon [_thread_blocked, id=42804, stack(0x0000004676c00000,0x0000004676d00000) (1024K)]
  0x000001528c5f1d20 JavaThread "pool-1-thread-1"                   [_thread_blocked, id=50004, stack(0x0000004677500000,0x0000004677600000) (1024K)]
Total: 12

Other Threads:
  0x000001528c041df0 VMThread "VM Thread"                           [id=30396, stack(0x0000004676100000,0x0000004676200000) (1024K)]
  0x0000015287ae4530 WatcherThread "VM Periodic Task Thread"        [id=30608, stack(0x0000004676000000,0x0000004676100000) (1024K)]
  0x00000152ed23beb0 WorkerThread "GC Thread#0"                     [id=50644, stack(0x0000004675b00000,0x0000004675c00000) (1024K)]
  0x000001528c73dfc0 WorkerThread "GC Thread#1"                     [id=48884, stack(0x0000004676f00000,0x0000004677000000) (1024K)]
  0x000001528c8513b0 WorkerThread "GC Thread#2"                     [id=49260, stack(0x0000004677000000,0x0000004677100000) (1024K)]
  0x000001528c85d7f0 WorkerThread "GC Thread#3"                     [id=40616, stack(0x0000004677100000,0x0000004677200000) (1024K)]
  0x000001528c85db90 WorkerThread "GC Thread#4"                     [id=51684, stack(0x0000004677200000,0x0000004677300000) (1024K)]
  0x000001528c85df30 WorkerThread "GC Thread#5"                     [id=36612, stack(0x0000004677300000,0x0000004677400000) (1024K)]
  0x000001528d2a3f70 WorkerThread "GC Thread#6"                     [id=33860, stack(0x0000004677600000,0x0000004677700000) (1024K)]
  0x000001528d495de0 WorkerThread "GC Thread#7"                     [id=29448, stack(0x0000004677700000,0x0000004677800000) (1024K)]
  0x00000152ed24c8f0 ConcurrentGCThread "G1 Main Marker"            [id=44304, stack(0x0000004675c00000,0x0000004675d00000) (1024K)]
  0x00000152ed24e140 WorkerThread "G1 Conc#0"                       [id=42812, stack(0x0000004675d00000,0x0000004675e00000) (1024K)]
  0x00000152879b4610 ConcurrentGCThread "G1 Refine#0"               [id=49564, stack(0x0000004675e00000,0x0000004675f00000) (1024K)]
  0x00000152879b5090 ConcurrentGCThread "G1 Service"                [id=33568, stack(0x0000004675f00000,0x0000004676000000) (1024K)]
Total: 14

Threads with active compile tasks:
C2 CompilerThread0  123558 2340       4       org.gradle.internal.logging.console.ThrottlingOutputEventListener::renderNow (40 bytes)
Total: 1

VM state: not at safepoint (normal execution)

VM Mutex/Monitor currently owned by a thread: None

Heap address: 0x0000000704a00000, size: 4022 MB, Compressed Oops mode: Zero based, Oop shift amount: 3

CDS archive(s) not mapped
Compressed class space mapped at: 0x0000000800000000-0x0000000840000000, reserved size: 1073741824
Narrow klass base: 0x0000000800000000, Narrow klass shift: 0, Narrow klass range: 0x40000000

GC Precious Log:
 CardTable entry size: 512
 Card Set container configuration: InlinePtr #cards 4 size 8 Array Of Cards #cards 16 size 48 Howl #buckets 8 coarsen threshold 3686 Howl Bitmap #cards 512 size 80 coarsen threshold 460 Card regions per heap region 1 cards per card region 4096
 CPUs: 16 total, 16 available
 Memory: 16087M
 Large Page Support: Disabled
 NUMA Support: Disabled
 Compressed Oops: Enabled (Zero based)
 Heap Region Size: 2M
 Heap Min Capacity: 8M
 Heap Initial Capacity: 252M
 Heap Max Capacity: 4022M
 Pre-touch: Disabled
 Parallel Workers: 13
 Concurrent Workers: 3
 Concurrent Refinement Workers: 13
 Periodic GC: Disabled

Heap:
 garbage-first heap   total 258048K, used 59233K [0x0000000704a00000, 0x0000000800000000)
  region size 2048K, 27 young (55296K), 3 survivors (6144K)
 Metaspace       used 19532K, committed 19776K, reserved 1114112K
  class space    used 2263K, committed 2368K, reserved 1048576K

Heap Regions: E=young(eden), S=young(survivor), O=old, HS=humongous(starts), HC=humongous(continues), CS=collection set, F=free, TAMS=top-at-mark-start, PB=parsable bottom
|   0|0x0000000704a00000, 0x0000000704c00000, 0x0000000704c00000|100%|HS|  |TAMS 0x0000000704a00000| PB 0x0000000704a00000| Complete 
|   1|0x0000000704c00000, 0x0000000704e00000, 0x0000000704e00000|100%|HC|  |TAMS 0x0000000704c00000| PB 0x0000000704c00000| Complete 
|   2|0x0000000704e00000, 0x0000000704fd87c0, 0x0000000705000000| 92%| O|  |TAMS 0x0000000704e00000| PB 0x0000000704e00000| Untracked 
|   3|0x0000000705000000, 0x0000000705000000, 0x0000000705200000|  0%| F|  |TAMS 0x0000000705000000| PB 0x0000000705000000| Untracked 
|   4|0x0000000705200000, 0x0000000705200000, 0x0000000705400000|  0%| F|  |TAMS 0x0000000705200000| PB 0x0000000705200000| Untracked 
|   5|0x0000000705400000, 0x0000000705400000, 0x0000000705600000|  0%| F|  |TAMS 0x0000000705400000| PB 0x0000000705400000| Untracked 
|   6|0x0000000705600000, 0x0000000705600000, 0x0000000705800000|  0%| F|  |TAMS 0x0000000705600000| PB 0x0000000705600000| Untracked 
|   7|0x0000000705800000, 0x0000000705800000, 0x0000000705a00000|  0%| F|  |TAMS 0x0000000705800000| PB 0x0000000705800000| Untracked 
|   8|0x0000000705a00000, 0x0000000705a00000, 0x0000000705c00000|  0%| F|  |TAMS 0x0000000705a00000| PB 0x0000000705a00000| Untracked 
|   9|0x0000000705c00000, 0x0000000705c00000, 0x0000000705e00000|  0%| F|  |TAMS 0x0000000705c00000| PB 0x0000000705c00000| Untracked 
|  10|0x0000000705e00000, 0x0000000705e00000, 0x0000000706000000|  0%| F|  |TAMS 0x0000000705e00000| PB 0x0000000705e00000| Untracked 
|  11|0x0000000706000000, 0x0000000706000000, 0x0000000706200000|  0%| F|  |TAMS 0x0000000706000000| PB 0x0000000706000000| Untracked 
|  12|0x0000000706200000, 0x0000000706200000, 0x0000000706400000|  0%| F|  |TAMS 0x0000000706200000| PB 0x0000000706200000| Untracked 
|  13|0x0000000706400000, 0x0000000706400000, 0x0000000706600000|  0%| F|  |TAMS 0x0000000706400000| PB 0x0000000706400000| Untracked 
|  14|0x0000000706600000, 0x0000000706600000, 0x0000000706800000|  0%| F|  |TAMS 0x0000000706600000| PB 0x0000000706600000| Untracked 
|  15|0x0000000706800000, 0x0000000706800000, 0x0000000706a00000|  0%| F|  |TAMS 0x0000000706800000| PB 0x0000000706800000| Untracked 
|  16|0x0000000706a00000, 0x0000000706a00000, 0x0000000706c00000|  0%| F|  |TAMS 0x0000000706a00000| PB 0x0000000706a00000| Untracked 
|  17|0x0000000706c00000, 0x0000000706c00000, 0x0000000706e00000|  0%| F|  |TAMS 0x0000000706c00000| PB 0x0000000706c00000| Untracked 
|  18|0x0000000706e00000, 0x0000000706e00000, 0x0000000707000000|  0%| F|  |TAMS 0x0000000706e00000| PB 0x0000000706e00000| Untracked 
|  19|0x0000000707000000, 0x0000000707000000, 0x0000000707200000|  0%| F|  |TAMS 0x0000000707000000| PB 0x0000000707000000| Untracked 
|  20|0x0000000707200000, 0x0000000707200000, 0x0000000707400000|  0%| F|  |TAMS 0x0000000707200000| PB 0x0000000707200000| Untracked 
|  21|0x0000000707400000, 0x0000000707400000, 0x0000000707600000|  0%| F|  |TAMS 0x0000000707400000| PB 0x0000000707400000| Untracked 
|  22|0x0000000707600000, 0x0000000707600000, 0x0000000707800000|  0%| F|  |TAMS 0x0000000707600000| PB 0x0000000707600000| Untracked 
|  23|0x0000000707800000, 0x0000000707800000, 0x0000000707a00000|  0%| F|  |TAMS 0x0000000707800000| PB 0x0000000707800000| Untracked 
|  24|0x0000000707a00000, 0x0000000707a00000, 0x0000000707c00000|  0%| F|  |TAMS 0x0000000707a00000| PB 0x0000000707a00000| Untracked 
|  25|0x0000000707c00000, 0x0000000707c00000, 0x0000000707e00000|  0%| F|  |TAMS 0x0000000707c00000| PB 0x0000000707c00000| Untracked 
|  26|0x0000000707e00000, 0x0000000707e00000, 0x0000000708000000|  0%| F|  |TAMS 0x0000000707e00000| PB 0x0000000707e00000| Untracked 
|  27|0x0000000708000000, 0x0000000708000000, 0x0000000708200000|  0%| F|  |TAMS 0x0000000708000000| PB 0x0000000708000000| Untracked 
|  28|0x0000000708200000, 0x0000000708200000, 0x0000000708400000|  0%| F|  |TAMS 0x0000000708200000| PB 0x0000000708200000| Untracked 
|  29|0x0000000708400000, 0x0000000708400000, 0x0000000708600000|  0%| F|  |TAMS 0x0000000708400000| PB 0x0000000708400000| Untracked 
|  30|0x0000000708600000, 0x0000000708600000, 0x0000000708800000|  0%| F|  |TAMS 0x0000000708600000| PB 0x0000000708600000| Untracked 
|  31|0x0000000708800000, 0x0000000708800000, 0x0000000708a00000|  0%| F|  |TAMS 0x0000000708800000| PB 0x0000000708800000| Untracked 
|  32|0x0000000708a00000, 0x0000000708a00000, 0x0000000708c00000|  0%| F|  |TAMS 0x0000000708a00000| PB 0x0000000708a00000| Untracked 
|  33|0x0000000708c00000, 0x0000000708c00000, 0x0000000708e00000|  0%| F|  |TAMS 0x0000000708c00000| PB 0x0000000708c00000| Untracked 
|  34|0x0000000708e00000, 0x0000000708e00000, 0x0000000709000000|  0%| F|  |TAMS 0x0000000708e00000| PB 0x0000000708e00000| Untracked 
|  35|0x0000000709000000, 0x0000000709000000, 0x0000000709200000|  0%| F|  |TAMS 0x0000000709000000| PB 0x0000000709000000| Untracked 
|  36|0x0000000709200000, 0x0000000709200000, 0x0000000709400000|  0%| F|  |TAMS 0x0000000709200000| PB 0x0000000709200000| Untracked 
|  37|0x0000000709400000, 0x0000000709400000, 0x0000000709600000|  0%| F|  |TAMS 0x0000000709400000| PB 0x0000000709400000| Untracked 
|  38|0x0000000709600000, 0x0000000709600000, 0x0000000709800000|  0%| F|  |TAMS 0x0000000709600000| PB 0x0000000709600000| Untracked 
|  39|0x0000000709800000, 0x0000000709800000, 0x0000000709a00000|  0%| F|  |TAMS 0x0000000709800000| PB 0x0000000709800000| Untracked 
|  40|0x0000000709a00000, 0x0000000709a00000, 0x0000000709c00000|  0%| F|  |TAMS 0x0000000709a00000| PB 0x0000000709a00000| Untracked 
|  41|0x0000000709c00000, 0x0000000709c00000, 0x0000000709e00000|  0%| F|  |TAMS 0x0000000709c00000| PB 0x0000000709c00000| Untracked 
|  42|0x0000000709e00000, 0x0000000709e00000, 0x000000070a000000|  0%| F|  |TAMS 0x0000000709e00000| PB 0x0000000709e00000| Untracked 
|  43|0x000000070a000000, 0x000000070a000000, 0x000000070a200000|  0%| F|  |TAMS 0x000000070a000000| PB 0x000000070a000000| Untracked 
|  44|0x000000070a200000, 0x000000070a200000, 0x000000070a400000|  0%| F|  |TAMS 0x000000070a200000| PB 0x000000070a200000| Untracked 
|  45|0x000000070a400000, 0x000000070a400000, 0x000000070a600000|  0%| F|  |TAMS 0x000000070a400000| PB 0x000000070a400000| Untracked 
|  46|0x000000070a600000, 0x000000070a600000, 0x000000070a800000|  0%| F|  |TAMS 0x000000070a600000| PB 0x000000070a600000| Untracked 
|  47|0x000000070a800000, 0x000000070a800000, 0x000000070aa00000|  0%| F|  |TAMS 0x000000070a800000| PB 0x000000070a800000| Untracked 
|  48|0x000000070aa00000, 0x000000070aa00000, 0x000000070ac00000|  0%| F|  |TAMS 0x000000070aa00000| PB 0x000000070aa00000| Untracked 
|  49|0x000000070ac00000, 0x000000070ac00000, 0x000000070ae00000|  0%| F|  |TAMS 0x000000070ac00000| PB 0x000000070ac00000| Untracked 
|  50|0x000000070ae00000, 0x000000070ae00000, 0x000000070b000000|  0%| F|  |TAMS 0x000000070ae00000| PB 0x000000070ae00000| Untracked 
|  51|0x000000070b000000, 0x000000070b000000, 0x000000070b200000|  0%| F|  |TAMS 0x000000070b000000| PB 0x000000070b000000| Untracked 
|  52|0x000000070b200000, 0x000000070b200000, 0x000000070b400000|  0%| F|  |TAMS 0x000000070b200000| PB 0x000000070b200000| Untracked 
|  53|0x000000070b400000, 0x000000070b400000, 0x000000070b600000|  0%| F|  |TAMS 0x000000070b400000| PB 0x000000070b400000| Untracked 
|  54|0x000000070b600000, 0x000000070b600000, 0x000000070b800000|  0%| F|  |TAMS 0x000000070b600000| PB 0x000000070b600000| Untracked 
|  55|0x000000070b800000, 0x000000070b800000, 0x000000070ba00000|  0%| F|  |TAMS 0x000000070b800000| PB 0x000000070b800000| Untracked 
|  56|0x000000070ba00000, 0x000000070ba00000, 0x000000070bc00000|  0%| F|  |TAMS 0x000000070ba00000| PB 0x000000070ba00000| Untracked 
|  57|0x000000070bc00000, 0x000000070bc00000, 0x000000070be00000|  0%| F|  |TAMS 0x000000070bc00000| PB 0x000000070bc00000| Untracked 
|  58|0x000000070be00000, 0x000000070be00000, 0x000000070c000000|  0%| F|  |TAMS 0x000000070be00000| PB 0x000000070be00000| Untracked 
|  59|0x000000070c000000, 0x000000070c000000, 0x000000070c200000|  0%| F|  |TAMS 0x000000070c000000| PB 0x000000070c000000| Untracked 
|  60|0x000000070c200000, 0x000000070c200000, 0x000000070c400000|  0%| F|  |TAMS 0x000000070c200000| PB 0x000000070c200000| Untracked 
|  61|0x000000070c400000, 0x000000070c400000, 0x000000070c600000|  0%| F|  |TAMS 0x000000070c400000| PB 0x000000070c400000| Untracked 
|  62|0x000000070c600000, 0x000000070c600000, 0x000000070c800000|  0%| F|  |TAMS 0x000000070c600000| PB 0x000000070c600000| Untracked 
|  63|0x000000070c800000, 0x000000070c800000, 0x000000070ca00000|  0%| F|  |TAMS 0x000000070c800000| PB 0x000000070c800000| Untracked 
|  64|0x000000070ca00000, 0x000000070ca00000, 0x000000070cc00000|  0%| F|  |TAMS 0x000000070ca00000| PB 0x000000070ca00000| Untracked 
|  65|0x000000070cc00000, 0x000000070cc00000, 0x000000070ce00000|  0%| F|  |TAMS 0x000000070cc00000| PB 0x000000070cc00000| Untracked 
|  66|0x000000070ce00000, 0x000000070ce00000, 0x000000070d000000|  0%| F|  |TAMS 0x000000070ce00000| PB 0x000000070ce00000| Untracked 
|  67|0x000000070d000000, 0x000000070d000000, 0x000000070d200000|  0%| F|  |TAMS 0x000000070d000000| PB 0x000000070d000000| Untracked 
|  68|0x000000070d200000, 0x000000070d200000, 0x000000070d400000|  0%| F|  |TAMS 0x000000070d200000| PB 0x000000070d200000| Untracked 
|  69|0x000000070d400000, 0x000000070d400000, 0x000000070d600000|  0%| F|  |TAMS 0x000000070d400000| PB 0x000000070d400000| Untracked 
|  70|0x000000070d600000, 0x000000070d600000, 0x000000070d800000|  0%| F|  |TAMS 0x000000070d600000| PB 0x000000070d600000| Untracked 
|  71|0x000000070d800000, 0x000000070d800000, 0x000000070da00000|  0%| F|  |TAMS 0x000000070d800000| PB 0x000000070d800000| Untracked 
|  72|0x000000070da00000, 0x000000070da00000, 0x000000070dc00000|  0%| F|  |TAMS 0x000000070da00000| PB 0x000000070da00000| Untracked 
|  73|0x000000070dc00000, 0x000000070dc00000, 0x000000070de00000|  0%| F|  |TAMS 0x000000070dc00000| PB 0x000000070dc00000| Untracked 
|  74|0x000000070de00000, 0x000000070de00000, 0x000000070e000000|  0%| F|  |TAMS 0x000000070de00000| PB 0x000000070de00000| Untracked 
|  75|0x000000070e000000, 0x000000070e000000, 0x000000070e200000|  0%| F|  |TAMS 0x000000070e000000| PB 0x000000070e000000| Untracked 
|  76|0x000000070e200000, 0x000000070e200000, 0x000000070e400000|  0%| F|  |TAMS 0x000000070e200000| PB 0x000000070e200000| Untracked 
|  77|0x000000070e400000, 0x000000070e400000, 0x000000070e600000|  0%| F|  |TAMS 0x000000070e400000| PB 0x000000070e400000| Untracked 
|  78|0x000000070e600000, 0x000000070e600000, 0x000000070e800000|  0%| F|  |TAMS 0x000000070e600000| PB 0x000000070e600000| Untracked 
|  79|0x000000070e800000, 0x000000070e800000, 0x000000070ea00000|  0%| F|  |TAMS 0x000000070e800000| PB 0x000000070e800000| Untracked 
|  80|0x000000070ea00000, 0x000000070ea00000, 0x000000070ec00000|  0%| F|  |TAMS 0x000000070ea00000| PB 0x000000070ea00000| Untracked 
|  81|0x000000070ec00000, 0x000000070ec00000, 0x000000070ee00000|  0%| F|  |TAMS 0x000000070ec00000| PB 0x000000070ec00000| Untracked 
|  82|0x000000070ee00000, 0x000000070ee00000, 0x000000070f000000|  0%| F|  |TAMS 0x000000070ee00000| PB 0x000000070ee00000| Untracked 
|  83|0x000000070f000000, 0x000000070f000000, 0x000000070f200000|  0%| F|  |TAMS 0x000000070f000000| PB 0x000000070f000000| Untracked 
|  84|0x000000070f200000, 0x000000070f200000, 0x000000070f400000|  0%| F|  |TAMS 0x000000070f200000| PB 0x000000070f200000| Untracked 
|  85|0x000000070f400000, 0x000000070f400000, 0x000000070f600000|  0%| F|  |TAMS 0x000000070f400000| PB 0x000000070f400000| Untracked 
|  86|0x000000070f600000, 0x000000070f600000, 0x000000070f800000|  0%| F|  |TAMS 0x000000070f600000| PB 0x000000070f600000| Untracked 
|  87|0x000000070f800000, 0x000000070f800000, 0x000000070fa00000|  0%| F|  |TAMS 0x000000070f800000| PB 0x000000070f800000| Untracked 
|  88|0x000000070fa00000, 0x000000070fa00000, 0x000000070fc00000|  0%| F|  |TAMS 0x000000070fa00000| PB 0x000000070fa00000| Untracked 
|  89|0x000000070fc00000, 0x000000070fc00000, 0x000000070fe00000|  0%| F|  |TAMS 0x000000070fc00000| PB 0x000000070fc00000| Untracked 
|  90|0x000000070fe00000, 0x000000070fe00000, 0x0000000710000000|  0%| F|  |TAMS 0x000000070fe00000| PB 0x000000070fe00000| Untracked 
|  91|0x0000000710000000, 0x0000000710000000, 0x0000000710200000|  0%| F|  |TAMS 0x0000000710000000| PB 0x0000000710000000| Untracked 
|  92|0x0000000710200000, 0x0000000710200000, 0x0000000710400000|  0%| F|  |TAMS 0x0000000710200000| PB 0x0000000710200000| Untracked 
|  93|0x0000000710400000, 0x0000000710400000, 0x0000000710600000|  0%| F|  |TAMS 0x0000000710400000| PB 0x0000000710400000| Untracked 
|  94|0x0000000710600000, 0x0000000710600000, 0x0000000710800000|  0%| F|  |TAMS 0x0000000710600000| PB 0x0000000710600000| Untracked 
|  95|0x0000000710800000, 0x0000000710800000, 0x0000000710a00000|  0%| F|  |TAMS 0x0000000710800000| PB 0x0000000710800000| Untracked 
|  96|0x0000000710a00000, 0x0000000710a00000, 0x0000000710c00000|  0%| F|  |TAMS 0x0000000710a00000| PB 0x0000000710a00000| Untracked 
|  97|0x0000000710c00000, 0x0000000710c00000, 0x0000000710e00000|  0%| F|  |TAMS 0x0000000710c00000| PB 0x0000000710c00000| Untracked 
|  98|0x0000000710e00000, 0x0000000710e00000, 0x0000000711000000|  0%| F|  |TAMS 0x0000000710e00000| PB 0x0000000710e00000| Untracked 
|  99|0x0000000711000000, 0x0000000711200000, 0x0000000711200000|100%| S|CS|TAMS 0x0000000711000000| PB 0x0000000711000000| Complete 
| 100|0x0000000711200000, 0x0000000711400000, 0x0000000711400000|100%| S|CS|TAMS 0x0000000711200000| PB 0x0000000711200000| Complete 
| 101|0x0000000711400000, 0x0000000711600000, 0x0000000711600000|100%| S|CS|TAMS 0x0000000711400000| PB 0x0000000711400000| Complete 
| 102|0x0000000711600000, 0x00000007116d0938, 0x0000000711800000| 40%| E|  |TAMS 0x0000000711600000| PB 0x0000000711600000| Complete 
| 103|0x0000000711800000, 0x0000000711a00000, 0x0000000711a00000|100%| E|CS|TAMS 0x0000000711800000| PB 0x0000000711800000| Complete 
| 104|0x0000000711a00000, 0x0000000711c00000, 0x0000000711c00000|100%| E|CS|TAMS 0x0000000711a00000| PB 0x0000000711a00000| Complete 
| 105|0x0000000711c00000, 0x0000000711e00000, 0x0000000711e00000|100%| E|CS|TAMS 0x0000000711c00000| PB 0x0000000711c00000| Complete 
| 106|0x0000000711e00000, 0x0000000712000000, 0x0000000712000000|100%| E|CS|TAMS 0x0000000711e00000| PB 0x0000000711e00000| Complete 
| 107|0x0000000712000000, 0x0000000712200000, 0x0000000712200000|100%| E|CS|TAMS 0x0000000712000000| PB 0x0000000712000000| Complete 
| 108|0x0000000712200000, 0x0000000712400000, 0x0000000712400000|100%| E|CS|TAMS 0x0000000712200000| PB 0x0000000712200000| Complete 
| 109|0x0000000712400000, 0x0000000712600000, 0x0000000712600000|100%| E|CS|TAMS 0x0000000712400000| PB 0x0000000712400000| Complete 
| 110|0x0000000712600000, 0x0000000712800000, 0x0000000712800000|100%| E|CS|TAMS 0x0000000712600000| PB 0x0000000712600000| Complete 
| 111|0x0000000712800000, 0x0000000712a00000, 0x0000000712a00000|100%| E|CS|TAMS 0x0000000712800000| PB 0x0000000712800000| Complete 
| 112|0x0000000712a00000, 0x0000000712c00000, 0x0000000712c00000|100%| E|CS|TAMS 0x0000000712a00000| PB 0x0000000712a00000| Complete 
| 113|0x0000000712c00000, 0x0000000712e00000, 0x0000000712e00000|100%| E|CS|TAMS 0x0000000712c00000| PB 0x0000000712c00000| Complete 
| 114|0x0000000712e00000, 0x0000000713000000, 0x0000000713000000|100%| E|CS|TAMS 0x0000000712e00000| PB 0x0000000712e00000| Complete 
| 115|0x0000000713000000, 0x0000000713200000, 0x0000000713200000|100%| E|CS|TAMS 0x0000000713000000| PB 0x0000000713000000| Complete 
| 116|0x0000000713200000, 0x0000000713400000, 0x0000000713400000|100%| E|CS|TAMS 0x0000000713200000| PB 0x0000000713200000| Complete 
| 117|0x0000000713400000, 0x0000000713600000, 0x0000000713600000|100%| E|CS|TAMS 0x0000000713400000| PB 0x0000000713400000| Complete 
| 118|0x0000000713600000, 0x0000000713800000, 0x0000000713800000|100%| E|CS|TAMS 0x0000000713600000| PB 0x0000000713600000| Complete 
| 119|0x0000000713800000, 0x0000000713a00000, 0x0000000713a00000|100%| E|CS|TAMS 0x0000000713800000| PB 0x0000000713800000| Complete 
| 120|0x0000000713a00000, 0x0000000713c00000, 0x0000000713c00000|100%| E|CS|TAMS 0x0000000713a00000| PB 0x0000000713a00000| Complete 
| 121|0x0000000713c00000, 0x0000000713e00000, 0x0000000713e00000|100%| E|CS|TAMS 0x0000000713c00000| PB 0x0000000713c00000| Complete 
| 122|0x0000000713e00000, 0x0000000714000000, 0x0000000714000000|100%| E|CS|TAMS 0x0000000713e00000| PB 0x0000000713e00000| Complete 
| 123|0x0000000714000000, 0x0000000714200000, 0x0000000714200000|100%| E|CS|TAMS 0x0000000714000000| PB 0x0000000714000000| Complete 
| 124|0x0000000714200000, 0x0000000714400000, 0x0000000714400000|100%| E|CS|TAMS 0x0000000714200000| PB 0x0000000714200000| Complete 
| 125|0x0000000714400000, 0x0000000714600000, 0x0000000714600000|100%| E|CS|TAMS 0x0000000714400000| PB 0x0000000714400000| Complete 

Card table byte_map: [0x00000152807e0000,0x0000015280fc0000] _byte_map_base: 0x000001527cfbb000

Marking Bits: (CMBitMap*) 0x00000152ed23c4c0
 Bits: [0x0000015280fc0000, 0x0000015284e98000)

Polling page: 0x00000152eb020000

Metaspace:

Usage:
  Non-class:     16.86 MB used.
      Class:      2.21 MB used.
       Both:     19.07 MB used.

Virtual space:
  Non-class space:       64.00 MB reserved,      17.00 MB ( 27%) committed,  1 nodes.
      Class space:        1.00 GB reserved,       2.31 MB ( <1%) committed,  1 nodes.
             Both:        1.06 GB reserved,      19.31 MB (  2%) committed. 

Chunk freelists:
   Non-Class:  14.58 MB
       Class:  13.59 MB
        Both:  28.17 MB

MaxMetaspaceSize: unlimited
CompressedClassSpaceSize: 1.00 GB
Initial GC threshold: 21.00 MB
Current GC threshold: 21.00 MB
CDS: off
 - commit_granule_bytes: 65536.
 - commit_granule_words: 8192.
 - virtual_space_node_default_size: 8388608.
 - enlarge_chunks_in_place: 1.
 - use_allocation_guard: 0.


Internal statistics:

num_allocs_failed_limit: 0.
num_arena_births: 204.
num_arena_deaths: 0.
num_vsnodes_births: 2.
num_vsnodes_deaths: 0.
num_space_committed: 309.
num_space_uncommitted: 0.
num_chunks_returned_to_freelist: 0.
num_chunks_taken_from_freelist: 516.
num_chunk_merges: 0.
num_chunk_splits: 330.
num_chunks_enlarged: 240.
num_inconsistent_stats: 0.

CodeHeap 'non-profiled nmethods': size=119168Kb used=1274Kb max_used=1274Kb free=117893Kb
 bounds [0x00000152f7ed0000, 0x00000152f8140000, 0x00000152ff330000]
CodeHeap 'profiled nmethods': size=119104Kb used=4459Kb max_used=4459Kb free=114644Kb
 bounds [0x00000152f0330000, 0x00000152f0790000, 0x00000152f7780000]
CodeHeap 'non-nmethods': size=7488Kb used=1318Kb max_used=3027Kb free=6170Kb
 bounds [0x00000152f7780000, 0x00000152f7a80000, 0x00000152f7ed0000]
CodeCache: size=245760Kb, used=7051Kb, max_used=8760Kb, free=238707Kb
 total_blobs=2836, nmethods=2339, adapters=401, full_count=0
Compilation: enabled, stopped_count=0, restarted_count=0

Compilation events (20 events):
Event: 64.120 Thread 0x000001528c0c1e80 nmethod 2330 0x00000152f800c310 code [0x00000152f800c4a0, 0x00000152f800c600]
Event: 72.025 Thread 0x000001528c0c1e80 2331       4       java.util.concurrent.atomic.AtomicLong::compareAndSet (13 bytes)
Event: 72.025 Thread 0x000001528c0c1e80 nmethod 2331 0x00000152f800c690 code [0x00000152f800c820, 0x00000152f800c8c0]
Event: 94.732 Thread 0x000001528c0c1e80 2332 %     4       org.gradle.internal.logging.console.ThrottlingOutputEventListener::renderNow @ 0 (40 bytes)
Event: 94.743 Thread 0x000001528c0c1e80 nmethod 2332% 0x00000152f800c990 code [0x00000152f800cbc0, 0x00000152f800d2b8]
Event: 95.265 Thread 0x000001528c0c6990 2333       3       com.esotericsoftware.kryo.io.Input::readUtf8Length_slow (163 bytes)
Event: 95.266 Thread 0x000001528c0c6990 nmethod 2333 0x00000152f0789910 code [0x00000152f0789b00, 0x00000152f0789f78]
Event: 96.333 Thread 0x000001528c0c1e80 2334       4       org.gradle.internal.logging.events.ProgressCompleteEvent::getLogLevel (4 bytes)
Event: 96.333 Thread 0x000001528c0c1e80 nmethod 2334 0x00000152f800d890 code [0x00000152f800da20, 0x00000152f800dab0]
Event: 98.037 Thread 0x000001528c0c6990 2335       3       org.gradle.internal.logging.serializer.ProgressCompleteEventSerializer::read (51 bytes)
Event: 98.038 Thread 0x000001528c0c6990 nmethod 2335 0x00000152f078a110 code [0x00000152f078a340, 0x00000152f078ac28]
Event: 101.476 Thread 0x000001528c0c1e80 2336       4       java.util.concurrent.ConcurrentHashMap::addCount (280 bytes)
Event: 101.482 Thread 0x000001528c0c1e80 nmethod 2336 0x00000152f800db90 code [0x00000152f800dd40, 0x00000152f800df80]
Event: 103.834 Thread 0x000001528c0c1e80 2337       4       java.lang.Thread::interrupted (7 bytes)
Event: 103.836 Thread 0x000001528c0c1e80 nmethod 2337 0x00000152f800e210 code [0x00000152f800e3a0, 0x00000152f800e458]
Event: 109.934 Thread 0x000001528c0c1e80 2338       4       java.util.concurrent.ThreadPoolExecutor::runStateAtLeast (11 bytes)
Event: 109.934 Thread 0x000001528c0c1e80 nmethod 2338 0x00000152f800e510 code [0x00000152f800e680, 0x00000152f800e6f8]
Event: 120.623 Thread 0x000001528c0c1e80 2339       4       jdk.internal.misc.Unsafe::weakCompareAndSetInt (11 bytes)
Event: 120.623 Thread 0x000001528c0c1e80 nmethod 2339 0x00000152f800e810 code [0x00000152f800e9a0, 0x00000152f800ea38]
Event: 123.529 Thread 0x000001528c0c1e80 2340       4       org.gradle.internal.logging.console.ThrottlingOutputEventListener::renderNow (40 bytes)

GC Heap History (4 events):
Event: 1.055 GC heap before
{Heap before GC invocations=0 (full 0):
 garbage-first heap   total 258048K, used 22528K [0x0000000704a00000, 0x0000000800000000)
  region size 2048K, 11 young (22528K), 0 survivors (0K)
 Metaspace       used 8884K, committed 9088K, reserved 1114112K
  class space    used 818K, committed 960K, reserved 1048576K
}
Event: 1.082 GC heap after
{Heap after GC invocations=1 (full 0):
 garbage-first heap   total 258048K, used 1594K [0x0000000704a00000, 0x0000000800000000)
  region size 2048K, 1 young (2048K), 1 survivors (2048K)
 Metaspace       used 8884K, committed 9088K, reserved 1114112K
  class space    used 818K, committed 960K, reserved 1048576K
}
Event: 3.025 GC heap before
{Heap before GC invocations=1 (full 0):
 garbage-first heap   total 258048K, used 50746K [0x0000000704a00000, 0x0000000800000000)
  region size 2048K, 24 young (49152K), 1 survivors (2048K)
 Metaspace       used 16246K, committed 16512K, reserved 1114112K
  class space    used 1894K, committed 1984K, reserved 1048576K
}
Event: 3.033 GC heap after
{Heap after GC invocations=2 (full 0):
 garbage-first heap   total 258048K, used 12129K [0x0000000704a00000, 0x0000000800000000)
  region size 2048K, 3 young (6144K), 3 survivors (6144K)
 Metaspace       used 16246K, committed 16512K, reserved 1114112K
  class space    used 1894K, committed 1984K, reserved 1048576K
}

Dll operation events (3 events):
Event: 0.012 Loaded shared library C:\Program Files\Android\Android Studio\jbr\bin\java.dll
Event: 0.019 Loaded shared library C:\Program Files\Android\Android Studio\jbr\bin\zip.dll
Event: 0.176 Loaded shared library C:\Program Files\Android\Android Studio\jbr\bin\verify.dll

Deoptimization events (20 events):
Event: 8.706 Thread 0x00000152eae71310 Uncommon trap: trap_request=0xffffffde fr.pc=0x00000152f7fb609c relative=0x000000000000019c
Event: 8.706 Thread 0x00000152eae71310 Uncommon trap: reason=class_check action=maybe_recompile pc=0x00000152f7fb609c method=sun.nio.ch.IOUtil.readIntoNativeBuffer(Ljava/io/FileDescriptor;Ljava/nio/ByteBuffer;JZZILsun/nio/ch/NativeDispatcher;)I @ 130 c2
Event: 8.706 Thread 0x00000152eae71310 DEOPT PACKING pc=0x00000152f7fb609c sp=0x0000004675afddd0
Event: 8.706 Thread 0x00000152eae71310 DEOPT UNPACKING pc=0x00000152f77d4422 sp=0x0000004675afdd08 mode 2
Event: 9.847 Thread 0x00000152eae71310 Uncommon trap: trap_request=0xffffffde fr.pc=0x00000152f7fb609c relative=0x000000000000019c
Event: 9.847 Thread 0x00000152eae71310 Uncommon trap: reason=class_check action=maybe_recompile pc=0x00000152f7fb609c method=sun.nio.ch.IOUtil.readIntoNativeBuffer(Ljava/io/FileDescriptor;Ljava/nio/ByteBuffer;JZZILsun/nio/ch/NativeDispatcher;)I @ 130 c2
Event: 9.847 Thread 0x00000152eae71310 DEOPT PACKING pc=0x00000152f7fb609c sp=0x0000004675afdd20
Event: 9.847 Thread 0x00000152eae71310 DEOPT UNPACKING pc=0x00000152f77d4422 sp=0x0000004675afdc58 mode 2
Event: 11.388 Thread 0x00000152eae71310 Uncommon trap: trap_request=0xffffffde fr.pc=0x00000152f7fb609c relative=0x000000000000019c
Event: 11.388 Thread 0x00000152eae71310 Uncommon trap: reason=class_check action=maybe_recompile pc=0x00000152f7fb609c method=sun.nio.ch.IOUtil.readIntoNativeBuffer(Ljava/io/FileDescriptor;Ljava/nio/ByteBuffer;JZZILsun/nio/ch/NativeDispatcher;)I @ 130 c2
Event: 11.388 Thread 0x00000152eae71310 DEOPT PACKING pc=0x00000152f7fb609c sp=0x0000004675afdd20
Event: 11.388 Thread 0x00000152eae71310 DEOPT UNPACKING pc=0x00000152f77d4422 sp=0x0000004675afdc58 mode 2
Event: 108.387 Thread 0x00000152eae71310 Uncommon trap: trap_request=0xffffff45 fr.pc=0x00000152f7fea320 relative=0x00000000000002c0
Event: 108.387 Thread 0x00000152eae71310 Uncommon trap: reason=unstable_if action=reinterpret pc=0x00000152f7fea320 method=com.esotericsoftware.kryo.io.Input.readVarLong(Z)J @ 44 c2
Event: 108.387 Thread 0x00000152eae71310 DEOPT PACKING pc=0x00000152f7fea320 sp=0x0000004675afe100
Event: 108.387 Thread 0x00000152eae71310 DEOPT UNPACKING pc=0x00000152f77d4422 sp=0x0000004675afe0a0 mode 2
Event: 108.387 Thread 0x00000152eae71310 Uncommon trap: trap_request=0xffffff45 fr.pc=0x00000152f7ff33ec relative=0x0000000000000fec
Event: 108.387 Thread 0x00000152eae71310 Uncommon trap: reason=unstable_if action=reinterpret pc=0x00000152f7ff33ec method=org.gradle.internal.logging.sink.OutputEventTransformer.onOutput(Lorg/gradle/internal/logging/events/OutputEvent;)V @ 99 c2
Event: 108.387 Thread 0x00000152eae71310 DEOPT PACKING pc=0x00000152f7ff33ec sp=0x0000004675afe310
Event: 108.387 Thread 0x00000152eae71310 DEOPT UNPACKING pc=0x00000152f77d4422 sp=0x0000004675afe2f8 mode 2

Classes loaded (20 events):
Event: 8.607 Loading class sun/nio/ch/SelectionKeyImpl
Event: 8.607 Loading class java/nio/channels/spi/AbstractSelectionKey
Event: 8.607 Loading class java/nio/channels/SelectionKey
Event: 8.607 Loading class java/nio/channels/SelectionKey done
Event: 8.607 Loading class java/nio/channels/spi/AbstractSelectionKey done
Event: 8.608 Loading class sun/nio/ch/SelectionKeyImpl done
Event: 8.608 Loading class java/lang/invoke/ConstantBootstraps
Event: 8.608 Loading class java/lang/invoke/ConstantBootstraps done
Event: 8.618 Loading class java/lang/Long$LongCache
Event: 8.618 Loading class java/lang/Long$LongCache done
Event: 8.621 Loading class java/nio/channels/spi/AbstractSelector$1
Event: 8.621 Loading class java/nio/channels/spi/AbstractSelector$1 done
Event: 8.708 Loading class java/util/concurrent/Executors$AutoShutdownDelegatedExecutorService
Event: 8.708 Loading class java/util/concurrent/Executors$AutoShutdownDelegatedExecutorService done
Event: 32.632 Loading class java/lang/invoke/MethodHandle$1
Event: 32.632 Loading class java/lang/invoke/MethodHandle$1 done
Event: 59.697 Loading class jdk/internal/foreign/MemorySessionImpl
Event: 59.698 Loading class java/lang/foreign/MemorySegment$Scope
Event: 59.698 Loading class java/lang/foreign/MemorySegment$Scope done
Event: 59.698 Loading class jdk/internal/foreign/MemorySessionImpl done

Classes unloaded (0 events):
No events

Classes redefined (0 events):
No events

Internal exceptions (20 events):
Event: 2.697 Thread 0x00000152eae71310 Exception <a 'java/lang/NoSuchMethodError'{0x0000000711d095f8}: 'java.lang.Object java.lang.invoke.DirectMethodHandle$Holder.invokeVirtual(java.lang.Object, java.lang.Object, java.lang.Object, java.lang.Object, java.lang.Object, java.lang.Object, java.lang.Object)'> (0x0000000711d095f8) 
thrown [s\src\hotspot\share\interpreter\linkResolver.cpp, line 784]
Event: 2.712 Thread 0x00000152eae71310 Exception <a 'java/lang/NoSuchMethodError'{0x0000000711d49a08}: 'java.lang.Object java.lang.invoke.DirectMethodHandle$Holder.invokeVirtual(java.lang.Object, java.lang.Object, java.lang.Object, java.lang.Object)'> (0x0000000711d49a08) 
thrown [s\src\hotspot\share\interpreter\linkResolver.cpp, line 784]
Event: 2.733 Thread 0x000001528c5f1d20 Implicit null exception at 0x00000152f7f66408 to 0x00000152f7f664c8
Event: 2.742 Thread 0x00000152eae71310 Exception <a 'sun/nio/fs/WindowsException'{0x0000000711a15d88}> (0x0000000711a15d88) 
thrown [s\src\hotspot\share\prims\jni.cpp, line 537]
Event: 2.743 Thread 0x00000152eae71310 Exception <a 'sun/nio/fs/WindowsException'{0x0000000711a16c78}> (0x0000000711a16c78) 
thrown [s\src\hotspot\share\prims\jni.cpp, line 537]
Event: 2.745 Thread 0x00000152eae71310 Exception <a 'sun/nio/fs/WindowsException'{0x0000000711a1eb10}> (0x0000000711a1eb10) 
thrown [s\src\hotspot\share\prims\jni.cpp, line 537]
Event: 2.746 Thread 0x00000152eae71310 Exception <a 'sun/nio/fs/WindowsException'{0x0000000711a20b00}> (0x0000000711a20b00) 
thrown [s\src\hotspot\share\prims\jni.cpp, line 537]
Event: 2.748 Thread 0x00000152eae71310 Exception <a 'sun/nio/fs/WindowsException'{0x0000000711a25358}> (0x0000000711a25358) 
thrown [s\src\hotspot\share\prims\jni.cpp, line 537]
Event: 2.893 Thread 0x00000152eae71310 Exception <a 'java/lang/NoSuchMethodError'{0x0000000711813fc8}: 'java.lang.Object java.lang.invoke.DirectMethodHandle$Holder.invokeVirtual(java.lang.Object, java.lang.Object, java.lang.Object, java.lang.Object, java.lang.Object)'> (0x0000000711813fc8) 
thrown [s\src\hotspot\share\interpreter\linkResolver.cpp, line 784]
Event: 2.897 Thread 0x00000152eae71310 Exception <a 'java/lang/NoSuchMethodError'{0x0000000711826e18}: 'java.lang.Object java.lang.invoke.Invokers$Holder.invokeExact_MT(java.lang.Object, java.lang.Object, java.lang.Object, java.lang.Object, java.lang.Object, java.lang.Object)'> (0x0000000711826e18) 
thrown [s\src\hotspot\share\interpreter\linkResolver.cpp, line 784]
Event: 2.965 Thread 0x00000152eae71310 Exception <a 'java/lang/NoSuchMethodError'{0x0000000711650670}: 'java.lang.Object java.lang.invoke.DirectMethodHandle$Holder.invokeVirtual(java.lang.Object, java.lang.Object, java.lang.Object, java.lang.Object, java.lang.Object, java.lang.Object, java.lang.Object, java.lang.Object, java.lang.Object)'> (0x0000000711650670) 
thrown [s\src\hotspot\share\interpreter\linkResolver.cpp, line 784]
Event: 3.047 Thread 0x00000152eae71310 Exception <a 'java/lang/NoSuchMethodError'{0x0000000714548178}: 'java.lang.Object java.lang.invoke.DirectMethodHandle$Holder.invokeVirtual(java.lang.Object, java.lang.Object, java.lang.Object, java.lang.Object, java.lang.Object, java.lang.Object, java.lang.Object, java.lang.Object)'> (0x0000000714548178) 
thrown [s\src\hotspot\share\interpreter\linkResolver.cpp, line 784]
Event: 3.089 Thread 0x00000152eae71310 Exception <a 'java/lang/NoSuchMethodError'{0x000000071429c7e0}: 'java.lang.Object java.lang.invoke.DirectMethodHandle$Holder.invokeStaticInit(java.lang.Object, java.lang.Object, int, int, int, int)'> (0x000000071429c7e0) 
thrown [s\src\hotspot\share\interpreter\linkResolver.cpp, line 784]
Event: 3.099 Thread 0x00000152eae71310 Exception <a 'sun/nio/fs/WindowsException'{0x00000007142c5688}> (0x00000007142c5688) 
thrown [s\src\hotspot\share\prims\jni.cpp, line 537]
Event: 3.131 Thread 0x00000152eae71310 Exception <a 'sun/nio/fs/WindowsException'{0x000000071435e0d0}> (0x000000071435e0d0) 
thrown [s\src\hotspot\share\prims\jni.cpp, line 537]
Event: 3.138 Thread 0x00000152eae71310 Exception <a 'sun/nio/fs/WindowsException'{0x000000071437abf8}> (0x000000071437abf8) 
thrown [s\src\hotspot\share\prims\jni.cpp, line 537]
Event: 3.397 Thread 0x00000152eae71310 Exception <a 'sun/nio/fs/WindowsException'{0x0000000712eb4058}> (0x0000000712eb4058) 
thrown [s\src\hotspot\share\prims\jni.cpp, line 537]
Event: 3.850 Thread 0x000001528e073480 Exception <a 'java/lang/NoSuchMethodError'{0x00000007123b8a98}: 'void java.lang.invoke.DirectMethodHandle$Holder.invokeStatic(java.lang.Object, long)'> (0x00000007123b8a98) 
thrown [s\src\hotspot\share\interpreter\linkResolver.cpp, line 784]
Event: 8.518 Thread 0x00000152eae71310 Exception <a 'sun/nio/fs/WindowsException'{0x0000000712325490}> (0x0000000712325490) 
thrown [s\src\hotspot\share\prims\jni.cpp, line 537]
Event: 8.520 Thread 0x00000152eae71310 Exception <a 'sun/nio/fs/WindowsException'{0x000000071232b140}> (0x000000071232b140) 
thrown [s\src\hotspot\share\prims\jni.cpp, line 537]

ZGC Phase Switch (0 events):
No events

VM Operations (20 events):
Event: 35.815 Executing VM operation: Cleanup
Event: 35.815 Executing VM operation: Cleanup done
Event: 59.024 Executing VM operation: Cleanup
Event: 59.024 Executing VM operation: Cleanup done
Event: 60.098 Executing VM operation: HandshakeAllThreads (HandshakeForDeflation)
Event: 60.098 Executing VM operation: HandshakeAllThreads (HandshakeForDeflation) done
Event: 60.098 Executing VM operation: RendezvousGCThreads
Event: 60.098 Executing VM operation: RendezvousGCThreads done
Event: 61.101 Executing VM operation: Cleanup
Event: 61.101 Executing VM operation: Cleanup done
Event: 62.103 Executing VM operation: Cleanup
Event: 62.104 Executing VM operation: Cleanup done
Event: 63.116 Executing VM operation: Cleanup
Event: 63.116 Executing VM operation: Cleanup done
Event: 108.447 Executing VM operation: Cleanup
Event: 108.447 Executing VM operation: Cleanup done
Event: 120.159 Executing VM operation: HandshakeAllThreads (HandshakeForDeflation)
Event: 120.159 Executing VM operation: HandshakeAllThreads (HandshakeForDeflation) done
Event: 120.159 Executing VM operation: RendezvousGCThreads
Event: 120.159 Executing VM operation: RendezvousGCThreads done

Memory protections (0 events):
No events

Nmethod flushes (0 events):
No events

Events (20 events):
Event: 3.868 Thread 0x000001528e073480 Thread added: 0x000001528d233e20
Event: 4.529 Thread 0x000001528d1664b0 Thread exited: 0x000001528d1664b0
Event: 4.529 Thread 0x000001528c8faab0 Thread exited: 0x000001528c8faab0
Event: 8.512 Thread 0x000001528d233e20 Thread exited: 0x000001528d233e20
Event: 8.513 Thread 0x000001528e073480 Thread exited: 0x000001528e073480
Event: 8.564 Thread 0x000001528c178ce0 Thread added: 0x000001528d53ee00
Event: 8.569 Thread 0x000001528c0c6990 Thread added: 0x000001528c6133d0
Event: 8.709 Thread 0x000001528c6133d0 Thread exited: 0x000001528c6133d0
Event: 9.831 Thread 0x000001528d53ee00 Thread exited: 0x000001528d53ee00
Event: 9.831 Thread 0x000001528c178ce0 Thread exited: 0x000001528c178ce0
Event: 60.565 Thread 0x000001528c0c6990 Thread added: 0x000001528ca51ba0
Event: 60.565 Thread 0x000001528c0c6990 Thread added: 0x000001528ca52250
Event: 60.565 Thread 0x000001528c0c6990 Thread added: 0x000001528ca52900
Event: 61.137 Thread 0x000001528ca52900 Thread exited: 0x000001528ca52900
Event: 61.137 Thread 0x000001528ca52250 Thread exited: 0x000001528ca52250
Event: 61.177 Thread 0x000001528ca51ba0 Thread exited: 0x000001528ca51ba0
Event: 61.746 Thread 0x000001528c0c1e80 Thread added: 0x000001528c63ca90
Event: 61.746 Thread 0x000001528c0c1e80 Thread added: 0x000001528c767da0
Event: 62.370 Thread 0x000001528c767da0 Thread exited: 0x000001528c767da0
Event: 64.119 Thread 0x000001528c63ca90 Thread exited: 0x000001528c63ca90


Dynamic libraries:
0x00007ff73f410000 - 0x00007ff73f41a000 	C:\Program Files\Android\Android Studio\jbr\bin\java.exe
0x00007ff8b9fc0000 - 0x00007ff8ba229000 	C:\WINDOWS\SYSTEM32\ntdll.dll
0x00007ff8b9070000 - 0x00007ff8b9139000 	C:\WINDOWS\System32\KERNEL32.DLL
0x00007ff8b7570000 - 0x00007ff8b7963000 	C:\WINDOWS\System32\KERNELBASE.dll
0x00007ff8b7af0000 - 0x00007ff8b7c3b000 	C:\WINDOWS\System32\ucrtbase.dll
0x00007fff79c70000 - 0x00007fff79c88000 	C:\Program Files\Android\Android Studio\jbr\bin\jli.dll
0x00007fff6fd50000 - 0x00007fff6fd6b000 	C:\Program Files\Android\Android Studio\jbr\bin\VCRUNTIME140.dll
0x00007ff8b7f10000 - 0x00007ff8b80d4000 	C:\WINDOWS\System32\USER32.dll
0x00007ff8b7a30000 - 0x00007ff8b7a57000 	C:\WINDOWS\System32\win32u.dll
0x00007ff8b89c0000 - 0x00007ff8b89eb000 	C:\WINDOWS\System32\GDI32.dll
0x00007ff896bc0000 - 0x00007ff896e53000 	C:\WINDOWS\WinSxS\amd64_microsoft.windows.common-controls_6595b64144ccf1df_6.0.26100.5074_none_3e0d6f78e32fd63f\COMCTL32.dll
0x00007ff8b7440000 - 0x00007ff8b756d000 	C:\WINDOWS\System32\gdi32full.dll
0x00007ff8b88b0000 - 0x00007ff8b8959000 	C:\WINDOWS\System32\msvcrt.dll
0x00007ff8b7c40000 - 0x00007ff8b7ce3000 	C:\WINDOWS\System32\msvcp_win.dll
0x00007ff8b85a0000 - 0x00007ff8b85cf000 	C:\WINDOWS\System32\IMM32.DLL
0x00007ff889d90000 - 0x00007ff889d9c000 	C:\Program Files\Android\Android Studio\jbr\bin\vcruntime140_1.dll
0x00007fff6fc60000 - 0x00007fff6fced000 	C:\Program Files\Android\Android Studio\jbr\bin\msvcp140.dll
0x00007fff67770000 - 0x00007fff68406000 	C:\Program Files\Android\Android Studio\jbr\bin\server\jvm.dll
0x00007ff8b8fb0000 - 0x00007ff8b9064000 	C:\WINDOWS\System32\ADVAPI32.dll
0x00007ff8b9960000 - 0x00007ff8b9a06000 	C:\WINDOWS\System32\sechost.dll
0x00007ff8b8790000 - 0x00007ff8b88a8000 	C:\WINDOWS\System32\RPCRT4.dll
0x00007ff8b89f0000 - 0x00007ff8b8a64000 	C:\WINDOWS\System32\WS2_32.dll
0x00007ff8b6fb0000 - 0x00007ff8b700e000 	C:\WINDOWS\SYSTEM32\POWRPROF.dll
0x00007ff8ac2e0000 - 0x00007ff8ac2eb000 	C:\WINDOWS\SYSTEM32\VERSION.dll
0x00007ff8acbf0000 - 0x00007ff8acc25000 	C:\WINDOWS\SYSTEM32\WINMM.dll
0x00007ff8b6f90000 - 0x00007ff8b6fa4000 	C:\WINDOWS\SYSTEM32\UMPDC.dll
0x00007ff8b5f10000 - 0x00007ff8b5f2b000 	C:\WINDOWS\SYSTEM32\kernel.appcore.dll
0x00007ff8710a0000 - 0x00007ff8710aa000 	C:\Program Files\Android\Android Studio\jbr\bin\jimage.dll
0x00007ff8b48b0000 - 0x00007ff8b4af2000 	C:\WINDOWS\SYSTEM32\DBGHELP.DLL
0x00007ff8b8220000 - 0x00007ff8b859b000 	C:\WINDOWS\System32\combase.dll
0x00007ff8b8c50000 - 0x00007ff8b8d27000 	C:\WINDOWS\System32\OLEAUT32.dll
0x00007ff8a3770000 - 0x00007ff8a37ad000 	C:\WINDOWS\SYSTEM32\dbgcore.DLL
0x00007ff8b7cf0000 - 0x00007ff8b7d89000 	C:\WINDOWS\System32\bcryptPrimitives.dll
0x00007fff6bd80000 - 0x00007fff6bda0000 	C:\Program Files\Android\Android Studio\jbr\bin\java.dll
0x00007fff6bd60000 - 0x00007fff6bd78000 	C:\Program Files\Android\Android Studio\jbr\bin\zip.dll
0x00007ff8b91b0000 - 0x00007ff8b98fd000 	C:\WINDOWS\System32\SHELL32.dll
0x00007ff8b72d0000 - 0x00007ff8b743c000 	C:\WINDOWS\System32\wintypes.dll
0x00007ff8b4d90000 - 0x00007ff8b55e9000 	C:\WINDOWS\SYSTEM32\windows.storage.dll
0x00007ff8b8eb0000 - 0x00007ff8b8fa0000 	C:\WINDOWS\System32\SHCORE.dll
0x00007ff8b9140000 - 0x00007ff8b91a2000 	C:\WINDOWS\System32\shlwapi.dll
0x00007ff8b7070000 - 0x00007ff8b7099000 	C:\WINDOWS\SYSTEM32\profapi.dll
0x00007ff855a60000 - 0x00007ff855a70000 	C:\Program Files\Android\Android Studio\jbr\bin\net.dll
0x00007ff8ae7f0000 - 0x00007ff8ae90f000 	C:\WINDOWS\SYSTEM32\WINHTTP.dll
0x00007ff8b64b0000 - 0x00007ff8b651b000 	C:\WINDOWS\system32\mswsock.dll
0x00007fff6bd40000 - 0x00007fff6bd56000 	C:\Program Files\Android\Android Studio\jbr\bin\nio.dll
0x00007ff855920000 - 0x00007ff855930000 	C:\Program Files\Android\Android Studio\jbr\bin\verify.dll
0x00007ff8552a0000 - 0x00007ff8552a9000 	C:\Program Files\Android\Android Studio\jbr\bin\management.dll
0x00007ff854f00000 - 0x00007ff854f0b000 	C:\Program Files\Android\Android Studio\jbr\bin\management_ext.dll
0x00007ff8b85e0000 - 0x00007ff8b85e8000 	C:\WINDOWS\System32\PSAPI.DLL
0x00007fff6bd10000 - 0x00007fff6bd37000 	C:\Users\reygu\.gradle\native\1def1411415f61bf3af743bc5b6707747c0891f09f0c88961ee8f79bc544acac\windows-amd64\native-platform.dll
0x00007ff8b5950000 - 0x00007ff8b5984000 	C:\WINDOWS\SYSTEM32\IPHLPAPI.DLL
0x00007ff8b9f60000 - 0x00007ff8b9f6a000 	C:\WINDOWS\System32\NSI.dll
0x00007ff854490000 - 0x00007ff854499000 	C:\Program Files\Android\Android Studio\jbr\bin\extnet.dll
0x00007ff8b6750000 - 0x00007ff8b676b000 	C:\WINDOWS\SYSTEM32\CRYPTSP.dll
0x00007ff8b5e70000 - 0x00007ff8b5eab000 	C:\WINDOWS\system32\rsaenh.dll
0x00007ff8b6550000 - 0x00007ff8b657b000 	C:\WINDOWS\SYSTEM32\USERENV.dll
0x00007ff8b7040000 - 0x00007ff8b7066000 	C:\WINDOWS\SYSTEM32\bcrypt.dll
0x00007ff8b6770000 - 0x00007ff8b677c000 	C:\WINDOWS\SYSTEM32\CRYPTBASE.dll
0x00007ff89a4a0000 - 0x00007ff89a4a8000 	C:\WINDOWS\system32\wshunix.dll

JVMTI agents: none

dbghelp: loaded successfully - version: 4.0.5 - missing functions: none
symbol engine: initialized successfully - sym options: 0x614 - pdb path: .;C:\Program Files\Android\Android Studio\jbr\bin;C:\WINDOWS\SYSTEM32;C:\WINDOWS\WinSxS\amd64_microsoft.windows.common-controls_6595b64144ccf1df_6.0.26100.5074_none_3e0d6f78e32fd63f;C:\Program Files\Android\Android Studio\jbr\bin\server;C:\Users\reygu\.gradle\native\1def1411415f61bf3af743bc5b6707747c0891f09f0c88961ee8f79bc544acac\windows-amd64

VM Arguments:
jvm_args: -Dorg.gradle.appname=gradlew 
java_command: org.gradle.wrapper.GradleWrapperMain -q -Ptarget-platform=android-arm64 -Ptarget=C:\Users\reygu\Desktop\UNIVERSIDAD POLITECNICA DE CHIAPAS\9NO CUATRIMESTRE\Programacion Movil II\Corte 2\mobile-front-corvus\lib\main.dart -Pbase-application-name=android.app.Application -Pdart-defines=RkxVVFRFUl9WRVJTSU9OPTMuNDQuMw==,RkxVVFRFUl9DSEFOTkVMPXN0YWJsZQ==,RkxVVFRFUl9HSVRfVVJMPWh0dHBzOi8vZ2l0aHViLmNvbS9mbHV0dGVyL2ZsdXR0ZXIuZ2l0,RkxVVFRFUl9GUkFNRVdPUktfUkVWSVNJT049ZTFmZDk2M2M2Zg==,RkxVVFRFUl9FTkdJTkVfUkVWSVNJT049YTRjZTI1N2M2OA==,RkxVVFRFUl9EQVJUX1ZFUlNJT049My4xMi4y -Pdart-obfuscation=false -Ptrack-widget-creation=true -Ptree-shake-icons=false -Pfilesystem-scheme=org-dartlang-root assembleDebug
java_class_path (initial): C:\Users\reygu\Desktop\UNIVERSIDAD POLITECNICA DE CHIAPAS\9NO CUATRIMESTRE\Programacion Movil II\Corte 2\mobile-front-corvus\android\\gradle\wrapper\gradle-wrapper.jar
Launcher Type: SUN_STANDARD

[Global flags]
     intx CICompilerCount                          = 12                                        {product} {ergonomic}
     uint ConcGCThreads                            = 3                                         {product} {ergonomic}
     uint G1ConcRefinementThreads                  = 13                                        {product} {ergonomic}
   size_t G1HeapRegionSize                         = 2097152                                   {product} {ergonomic}
    uintx GCDrainStackTargetSize                   = 64                                        {product} {ergonomic}
   size_t InitialHeapSize                          = 264241152                                 {product} {ergonomic}
   size_t MarkStackSize                            = 4194304                                   {product} {ergonomic}
   size_t MaxHeapSize                              = 4217372672                                {product} {ergonomic}
   size_t MaxNewSize                               = 2529165312                                {product} {ergonomic}
   size_t MinHeapDeltaBytes                        = 2097152                                   {product} {ergonomic}
   size_t MinHeapSize                              = 8388608                                   {product} {ergonomic}
    uintx NonNMethodCodeHeapSize                   = 7602480                                {pd product} {ergonomic}
    uintx NonProfiledCodeHeapSize                  = 122027880                              {pd product} {ergonomic}
    uintx ProfiledCodeHeapSize                     = 122027880                              {pd product} {ergonomic}
    uintx ReservedCodeCacheSize                    = 251658240                              {pd product} {ergonomic}
     bool SegmentedCodeCache                       = true                                      {product} {ergonomic}
   size_t SoftMaxHeapSize                          = 4217372672                             {manageable} {ergonomic}
     bool UseCompressedOops                        = true                           {product lp64_product} {ergonomic}
     bool UseG1GC                                  = true                                      {product} {ergonomic}
     bool UseLargePagesIndividualAllocation        = false                                  {pd product} {ergonomic}

Logging:
Log output configuration:
 #0: stdout all=warning uptime,level,tags foldmultilines=false
 #1: stderr all=off uptime,level,tags foldmultilines=false

Release file:
JAVA_VERSION="21.0.9" 
MODULES="java.base java.compiler java.datatransfer java.xml java.prefs java.desktop java.instrument java.logging java.management java.security.sasl java.naming java.rmi java.management.rmi java.net.http java.scripting java.security.jgss java.transaction.xa java.sql java.sql.rowset java.xml.crypto java.se java.smartcardio jdk.accessibility jdk.internal.jvmstat jdk.attach jdk.charsets jdk.internal.opt jdk.zipfs jdk.compiler jdk.crypto.ec jdk.crypto.cryptoki jdk.dynalink jdk.hotspot.agent jdk.httpserver jdk.internal.ed jdk.internal.le jdk.internal.vm.ci jdk.jartool jdk.javadoc jdk.jcmd jdk.jdeps jdk.jdwp.agent jdk.jdi jdk.jfr jdk.jlink jdk.jsobject jdk.localedata jdk.management jdk.management.agent jdk.management.jfr jdk.naming.dns jdk.naming.rmi jdk.net jdk.sctp jdk.security.auth jdk.security.jgss jdk.unsupported jdk.unsupported.desktop jdk.xml.dom" 
IMPLEMENTOR="JetBrains s.r.o." 
JAVA_RUNTIME_VERSION="21.0.9+-14649483-b1163.86" 
LIBC="default" 
OS_ARCH="x86_64" 
OS_NAME="Windows" 
SOURCE=".:git:554d0c326095" 

Environment Variables:
JAVA_HOME=C:\Program Files\Android\Android Studio\jbr
CLASSPATH=C:\Users\reygu\Desktop\UNIVERSIDAD POLITECNICA DE CHIAPAS\9NO CUATRIMESTRE\Programacion Movil II\Corte 2\mobile-front-corvus\android\\gradle\wrapper\gradle-wrapper.jar
PATH=C:\Program Files\Android\Android Studio\jbr\bin;C:\Users\reygu\bin;C:\Users\reygu\Downloads\Git\mingw64\bin;C:\Users\reygu\Downloads\Git\usr\local\bin;C:\Users\reygu\Downloads\Git\usr\bin;C:\Users\reygu\Downloads\Git\usr\bin;C:\Users\reygu\Downloads\Git\mingw64\bin;C:\Users\reygu\Downloads\Git\usr\bin;C:\Users\reygu\bin;C:\Users\reygu\dev\flutter\bin;C:\Program Files\Eclipse Adoptium\jdk-21.0.9.10-hotspot\bin;C:\ProgramData\Oracle\Java\javapath;C:\Program Files\Eclipse Adoptium\jre-17.0.8.101-hotspot\bin;C:\Users\reygu\AppData\Local\Programs\cursor\resources\app\bin;C:\Program Files\Common Files\Oracle\Java\javapath;C:\Windows\system32;C:\Windows;C:\Windows\System32\Wbem;C:\Windows\System32\WindowsPowerShell\v1.0;C:\Windows\System32\OpenSSH;C:\Program Files (x86)\NVIDIA Corporation\PhysX\Common;C:\Program Files\NVIDIA Corporation\NVIDIA NvDLISR;C:\Program Files\Go\bin;C:\Users\reygu\AppData\Local\Programs\Python\Python313\Scripts;C:\Users\reygu\AppData\Local\Programs\Python\Python313;C:\Users\reygu\AppData\Local\Programs\Python\Launcher;C:\Program Files\MySQL\MySQL Shell 8.0\bin;C:\Users\reygu\AppData\Local\Microsoft\WindowsApps;C:\Users\reygu\AppData\Roaming\npm;C:\Users\reygu\go\bin;C:\WINDOWS\system32;C:\WINDOWS;C:\WINDOWS\System32\Wbem;C:\WINDOWS\System32\WindowsPowerShell\v1.0;C:\WINDOWS\System32\OpenSSH;C:\Program Files\PuTTY;C:\Users\reygu\Downloads\Git\cmd;C:\Program Files\Docker\Docker\resources\bin;C:\Program Files\Java\gradle-9.2.1\bin;C:\Program Files\nodejs;C:\Users\reygu\AppData\Local\Programs\Python\Python311\Scripts;C:\Users\reygu\AppData\Local\Programs\Python\Python311;C:\Users\reygu\AppData\Local\Programs\Python\Python313\Scripts;C:\Users\reygu\AppData\Local\Programs\Python\Python313;C:\Users\reygu\AppData\Local\Programs\Python\Launcher;C:\Program Files\MySQL\MySQL Shell 8.0\bin;C:\Users\reygu\AppData\Local\Microsoft\WindowsApps;C:\Users\reygu\Desktop\Microsoft VS Code\bin;C:\Users\reygu\go\bin;C:\Users\reygu\AppData\Local\gitkraken\bin;C:\Users\reygu\.bun\bin;C:\Program Files\Java\jdk-21.0.9+10;C:\Users\reygu\AppData\Local\JetBrains\Toolbox\scripts;C:\Users\reygu\AppData\Local\Programs\Antigravity\bin;C:\Users\reygu\AppData\Roaming\npm;C:\Users\reygu\dev\flutter\bin;C:\Users\reygu\AppData\Local\Programs\cursor\resources\app\bin;C:\Users\reygu\AppData\Local\Android\Sdk\platform-tools;C:\Users\reygu\AppData\Local\Programs\Antigravity IDE\bin;C:\Users\reygu\AppData\Local\Android\sdk\platform-tools;C:\Users\reygu\Downloads\Git\usr\bin\vendor_perl;C:\Users\reygu\Downloads\Git\usr\bin\core_perl;C:\Users\reygu\dev\flutter\bin\mingit\cmd
USERNAME=reygu
SHELL=C:\Users\reygu\Downloads\Git\usr\bin\bash.exe
DISPLAY=needs-to-be-defined
LANG=en_US.UTF-8
TERM=xterm-256color
TMPDIR=C:\Users\reygu\AppData\Local\Temp
OS=MINGW64_NT-10.0-26100
PROCESSOR_IDENTIFIER=Intel64 Family 6 Model 154 Stepping 3, GenuineIntel
TMP=C:\Users\reygu\AppData\Local\Temp
TEMP=C:\Users\reygu\AppData\Local\Temp




Periodic native trim disabled

JNI global refs:
JNI global refs: 28, weak refs: 0

JNI global refs memory usage: 835, weak refs: 833

Process memory usage:
Resident Set Size: 109048K (0% of 16473976K total physical memory with 996816K free physical memory)

OOME stack traces (most recent first):
Classloader memory used:
Loader bootstrap                                                                       : 13994K
Loader org.gradle.internal.classloader.VisitableURLClassLoader                         : 4994K
Loader java.net.URLClassLoader                                                         : 229K
Loader jdk.internal.loader.ClassLoaders$PlatformClassLoader                            : 167K
Loader jdk.internal.loader.ClassLoaders$AppClassLoader                                 : 147K

Classes loaded by more than one classloader:
Class org.gradle.internal.classloader.ClassLoaderHierarchy                            : loaded 2 times (x 70B)
Class org.gradle.cli.AbstractPropertiesCommandLineConverter                           : loaded 2 times (x 83B)
Class org.gradle.api.internal.classpath.ManifestUtil                                  : loaded 2 times (x 71B)
Class org.gradle.cli.CommandLineParser                                                : loaded 2 times (x 79B)
Class org.gradle.internal.classloader.ClassLoaderVisitor                              : loaded 2 times (x 76B)
Class org.gradle.api.internal.classpath.EffectiveClassPath                            : loaded 2 times (x 90B)
Class org.gradle.internal.service.UnknownServiceException                             : loaded 2 times (x 83B)
Class org.gradle.cli.SystemPropertiesCommandLineConverter                             : loaded 2 times (x 83B)
Class org.gradle.cli.CommandLineArgumentException                                     : loaded 2 times (x 82B)
Class org.gradle.cli.CommandLineParser$KnownOptionParserState                         : loaded 2 times (x 76B)
Class org.gradle.internal.InternalTransformer                                         : loaded 2 times (x 70B)
Class org.gradle.internal.classloader.ClasspathUtil$1                                 : loaded 2 times (x 76B)
Class org.gradle.api.internal.classpath.DefaultModuleRegistry$DefaultModule           : loaded 2 times (x 86B)
Class org.gradle.api.internal.classpath.Module                                        : loaded 2 times (x 70B)
Class org.gradle.api.internal.classpath.UnknownModuleException                        : loaded 2 times (x 82B)
Class org.gradle.internal.classpath.DefaultClassPath$ImmutableUniqueList              : loaded 2 times (x 199B)
Class org.gradle.cli.CommandLineParser$OptionAwareParserState                         : loaded 2 times (x 77B)
Class org.gradle.cli.ParsedCommandLine                                                : loaded 2 times (x 80B)
Class org.gradle.internal.classpath.ClassPath                                         : loaded 2 times (x 70B)
Class org.gradle.cli.CommandLineParser$UnknownOptionParserState                       : loaded 2 times (x 76B)
Class org.gradle.cli.ParsedCommandLineOption                                          : loaded 2 times (x 76B)
Class org.gradle.cli.CommandLineParser$AfterFirstSubCommand                           : loaded 2 times (x 77B)
Class org.gradle.api.internal.classpath.ModuleRegistry                                : loaded 2 times (x 70B)
Class org.gradle.internal.installation.GradleInstallation$1                           : loaded 2 times (x 75B)
Class org.gradle.api.internal.classpath.DefaultModuleRegistry                         : loaded 2 times (x 86B)
Class org.gradle.cli.CommandLineOption                                                : loaded 2 times (x 86B)
Class org.gradle.cli.CommandLineParser$BeforeFirstSubCommand                          : loaded 2 times (x 77B)
Class org.gradle.internal.service.ServiceLookupException                              : loaded 2 times (x 82B)
Class org.gradle.cli.CommandLineParser$OptionParserState                              : loaded 2 times (x 75B)
Class org.gradle.internal.classloader.ClasspathUtil                                   : loaded 2 times (x 71B)
Class org.gradle.api.specs.Spec                                                       : loaded 2 times (x 70B)
Class org.gradle.internal.classpath.DefaultClassPath                                  : loaded 2 times (x 90B)
Class org.gradle.internal.classloader.ClassLoaderSpec                                 : loaded 2 times (x 71B)
Class org.gradle.internal.Cast                                                        : loaded 2 times (x 71B)
Class org.gradle.api.Action                                                           : loaded 2 times (x 70B)
Class org.gradle.internal.classpath.DefaultClassPath$ImmutableUniqueList$Builder      : loaded 2 times (x 75B)
Class org.gradle.cli.AbstractCommandLineConverter                                     : loaded 2 times (x 79B)
Class org.gradle.api.GradleException                                                  : loaded 2 times (x 82B)
Class org.gradle.internal.IoActions                                                   : loaded 2 times (x 71B)
Class org.gradle.internal.classloader.SystemClassLoaderSpec                           : loaded 2 times (x 71B)
Class org.gradle.cli.CommandLineConverter                                             : loaded 2 times (x 70B)
Class org.gradle.cli.CommandLineParser$MissingOptionArgState                          : loaded 2 times (x 77B)
Class org.gradle.cli.CommandLineParser$ParserState                                    : loaded 2 times (x 76B)
Class org.gradle.cli.CommandLineParser$OptionString                                   : loaded 2 times (x 73B)
Class org.gradle.api.internal.classpath.GlobalCacheRootsProvider                      : loaded 2 times (x 70B)
Class org.gradle.internal.installation.CurrentGradleInstallationLocator               : loaded 2 times (x 71B)
Class org.gradle.internal.installation.CurrentGradleInstallation                      : loaded 2 times (x 73B)
Class org.gradle.util.internal.GUtil                                                  : loaded 2 times (x 71B)
Class org.gradle.cli.CommandLineParser$AfterOptions                                   : loaded 2 times (x 77B)
Class org.gradle.internal.installation.GradleInstallation                             : loaded 2 times (x 75B)

---------------  S Y S T E M  ---------------

OS:
 Windows 11 , 64 bit Build 26100 (10.0.26100.5074)
OS uptime: 0 days 15:51 hours
Hyper-V role detected

CPU: total 16 (initial active 16) (8 cores per cpu, 2 threads per core) family 6 model 154 stepping 3 microcode 0x423, cx8, cmov, fxsr, ht, mmx, 3dnowpref, sse, sse2, sse3, ssse3, sse4.1, sse4.2, popcnt, lzcnt, tsc, tscinvbit, avx, avx2, aes, erms, clmul, bmi1, bmi2, adx, sha, fma, vzeroupper, clflush, clflushopt, clwb, hv, serialize, rdtscp, rdpid, fsrm, f16c, cet_ibt, cet_ss
Processor Information for processor 0
  Max Mhz: 2300, Current Mhz: 2300, Mhz Limit: 2300
Processor Information for processor 1
  Max Mhz: 2300, Current Mhz: 1506, Mhz Limit: 2300
Processor Information for processor 2
  Max Mhz: 2300, Current Mhz: 1506, Mhz Limit: 2300
Processor Information for processor 3
  Max Mhz: 2300, Current Mhz: 2300, Mhz Limit: 2300
Processor Information for processor 4
  Max Mhz: 2300, Current Mhz: 2300, Mhz Limit: 2300
Processor Information for processor 5
  Max Mhz: 2300, Current Mhz: 2300, Mhz Limit: 2300
Processor Information for processor 6
  Max Mhz: 2300, Current Mhz: 2300, Mhz Limit: 2300
Processor Information for processor 7
  Max Mhz: 2300, Current Mhz: 2300, Mhz Limit: 2300
Processor Information for processor 8
  Max Mhz: 2300, Current Mhz: 1506, Mhz Limit: 2300
Processor Information for processor 9
  Max Mhz: 2300, Current Mhz: 1506, Mhz Limit: 2300
Processor Information for processor 10
  Max Mhz: 2300, Current Mhz: 1506, Mhz Limit: 2300
Processor Information for processor 11
  Max Mhz: 2300, Current Mhz: 2300, Mhz Limit: 2300
Processor Information for processor 12
  Max Mhz: 2300, Current Mhz: 1700, Mhz Limit: 1679
Processor Information for processor 13
  Max Mhz: 2300, Current Mhz: 1700, Mhz Limit: 1679
Processor Information for processor 14
  Max Mhz: 2300, Current Mhz: 1500, Mhz Limit: 1679
Processor Information for processor 15
  Max Mhz: 2300, Current Mhz: 1500, Mhz Limit: 1679

Memory: 4k page, system-wide physical 16087M (989M free)
TotalPageFile size 41029M (AvailPageFile size 83M)
current process WorkingSet (physical memory assigned to process): 107M, peak: 143M
current process commit charge ("private bytes"): 372M, peak: 387M

vm_info: OpenJDK 64-Bit Server VM (21.0.9+-14649483-b1163.86) for windows-amd64 JRE (21.0.9+-14649483-b1163.86), built on 2025-12-30T22:08:35Z by "builder" with MS VC++ 16.10 / 16.11 (VS2019)

END.
